# JRE version: OpenJDK Runtime Environment (17.0.9) (build 17.0.9+0--11185874)
# Java VM: OpenJDK 64-Bit Server VM (17.0.9+0--11185874, mixed mode, tiered, compressed oops, compressed class ptrs, g1 gc, windows-amd64)
GC Precious Log:
 CPUs: 8 total, 8 available
 Memory: 8032M
 Large Page Support: Disabled
 NUMA Support: Disabled
 Compressed Oops: Enabled (32-bit)
 Heap Region Size: 1M
 Heap Min Capacity: 8M
 Heap Initial Capacity: 126M
 Heap Max Capacity: 2G
 Pre-touch: Disabled
 Parallel Workers: 8
 Concurrent Workers: 2
 Concurrent Refinement Workers: 8
 Periodic GC: Disabled
Heap:
 garbage-first heap   total 215040K, used 90610K [0x0000000080000000, 0x0000000100000000)
  region size 1024K, 15 young (15360K), 9 survivors (9216K)
 Metaspace       used 99232K, committed 99904K, reserved 1179648K
  class space    used 13682K, committed 14016K, reserved 1048576K
GC Heap History (20 events):
Event: 4.490 GC heap after
{Heap after GC invocations=22 (full 0):
 garbage-first heap   total 107520K, used 48408K [0x0000000080000000, 0x0000000100000000)
  region size 1024K, 1 young (1024K), 1 survivors (1024K)
 Metaspace       used 57107K, committed 57664K, reserved 1114112K
  class space    used 7753K, committed 8000K, reserved 1048576K
}
Event: 4.843 GC heap before
{Heap before GC invocations=22 (full 0):
 garbage-first heap   total 107520K, used 78104K [0x0000000080000000, 0x0000000100000000)
  region size 1024K, 30 young (30720K), 1 survivors (1024K)
 Metaspace       used 61215K, committed 61824K, reserved 1114112K
  class space    used 8318K, committed 8576K, reserved 1048576K
}
Event: 4.846 GC heap after
{Heap after GC invocations=23 (full 0):
 garbage-first heap   total 107520K, used 49479K [0x0000000080000000, 0x0000000100000000)
  region size 1024K, 2 young (2048K), 2 survivors (2048K)
 Metaspace       used 61215K, committed 61824K, reserved 1114112K
  class space    used 8318K, committed 8576K, reserved 1048576K
}
Event: 5.126 GC heap before
{Heap before GC invocations=24 (full 0):
 garbage-first heap   total 107520K, used 86343K [0x0000000080000000, 0x0000000100000000)
  region size 1024K, 32 young (32768K), 2 survivors (2048K)
 Metaspace       used 63692K, committed 64256K, reserved 1114112K
  class space    used 8655K, committed 8896K, reserved 1048576K
}
Event: 5.129 GC heap after
{Heap after GC invocations=25 (full 0):
 garbage-first heap   total 107520K, used 53622K [0x0000000080000000, 0x0000000100000000)
  region size 1024K, 4 young (4096K), 4 survivors (4096K)
 Metaspace       used 63692K, committed 64256K, reserved 1114112K
  class space    used 8655K, committed 8896K, reserved 1048576K
}
Event: 5.136 GC heap before
{Heap before GC invocations=25 (full 0):
 garbage-first heap   total 107520K, used 53622K [0x0000000080000000, 0x0000000100000000)
  region size 1024K, 5 young (5120K), 4 survivors (4096K)
 Metaspace       used 63768K, committed 64320K, reserved 1114112K
  class space    used 8664K, committed 8896K, reserved 1048576K
}
Event: 5.138 GC heap after
{Heap after GC invocations=26 (full 0):
 garbage-first heap   total 107520K, used 53774K [0x0000000080000000, 0x0000000100000000)
  region size 1024K, 1 young (1024K), 1 survivors (1024K)
 Metaspace       used 63768K, committed 64320K, reserved 1114112K
  class space    used 8664K, committed 8896K, reserved 1048576K
}
Event: 5.364 GC heap before
{Heap before GC invocations=26 (full 0):
 garbage-first heap   total 107520K, used 81422K [0x0000000080000000, 0x0000000100000000)
  region size 1024K, 28 young (28672K), 1 survivors (1024K)
 Metaspace       used 66004K, committed 66496K, reserved 1114112K
  class space    used 8938K, committed 9152K, reserved 1048576K
}
Event: 5.366 GC heap after
{Heap after GC invocations=27 (full 0):
 garbage-first heap   total 107520K, used 55215K [0x0000000080000000, 0x0000000100000000)
  region size 1024K, 2 young (2048K), 2 survivors (2048K)
 Metaspace       used 66004K, committed 66496K, reserved 1114112K
  class space    used 8938K, committed 9152K, reserved 1048576K
}
Event: 5.622 GC heap before
{Heap before GC invocations=28 (full 0):
 garbage-first heap   total 107520K, used 83887K [0x0000000080000000, 0x0000000100000000)
  region size 1024K, 30 young (30720K), 2 survivors (2048K)
 Metaspace       used 68697K, committed 69248K, reserved 1114112K
  class space    used 9321K, committed 9536K, reserved 1048576K
}
Event: 5.625 GC heap after
{Heap after GC invocations=29 (full 0):
 garbage-first heap   total 107520K, used 56116K [0x0000000080000000, 0x0000000100000000)
  region size 1024K, 3 young (3072K), 3 survivors (3072K)
 Metaspace       used 68697K, committed 69248K, reserved 1114112K
  class space    used 9321K, committed 9536K, reserved 1048576K
}
Event: 5.642 GC heap before
{Heap before GC invocations=29 (full 0):
 garbage-first heap   total 107520K, used 58164K [0x0000000080000000, 0x0000000100000000)
  region size 1024K, 5 young (5120K), 3 survivors (3072K)
 Metaspace       used 68985K, committed 69568K, reserved 1114112K
  class space    used 9357K, committed 9600K, reserved 1048576K
}
Event: 5.644 GC heap after
{Heap after GC invocations=30 (full 0):
 garbage-first heap   total 215040K, used 56226K [0x0000000080000000, 0x0000000100000000)
  region size 1024K, 1 young (1024K), 1 survivors (1024K)
 Metaspace       used 68985K, committed 69568K, reserved 1114112K
  class space    used 9357K, committed 9600K, reserved 1048576K
}
Event: 6.550 GC heap before
{Heap before GC invocations=30 (full 0):
 garbage-first heap   total 215040K, used 161698K [0x0000000080000000, 0x0000000100000000)
  region size 1024K, 104 young (106496K), 1 survivors (1024K)
 Metaspace       used 77685K, committed 78208K, reserved 1179648K
  class space    used 10731K, committed 10944K, reserved 1048576K
}
Event: 6.554 GC heap after
{Heap after GC invocations=31 (full 0):
 garbage-first heap   total 215040K, used 60404K [0x0000000080000000, 0x0000000100000000)
  region size 1024K, 5 young (5120K), 5 survivors (5120K)
 Metaspace       used 77685K, committed 78208K, reserved 1179648K
  class space    used 10731K, committed 10944K, reserved 1048576K
}
Event: 7.712 GC heap before
{Heap before GC invocations=31 (full 0):
 garbage-first heap   total 215040K, used 166900K [0x0000000080000000, 0x0000000100000000)
  region size 1024K, 109 young (111616K), 5 survivors (5120K)
 Metaspace       used 87119K, committed 87744K, reserved 1179648K
  class space    used 12094K, committed 12416K, reserved 1048576K
}
Event: 7.721 GC heap after
{Heap after GC invocations=32 (full 0):
 garbage-first heap   total 215040K, used 66726K [0x0000000080000000, 0x0000000100000000)
  region size 1024K, 11 young (11264K), 11 survivors (11264K)
 Metaspace       used 87119K, committed 87744K, reserved 1179648K
  class space    used 12094K, committed 12416K, reserved 1048576K
}
Event: 8.593 GC heap before
{Heap before GC invocations=32 (full 0):
 garbage-first heap   total 215040K, used 168102K [0x0000000080000000, 0x0000000100000000)
  region size 1024K, 111 young (113664K), 11 survivors (11264K)
 Metaspace       used 90477K, committed 91136K, reserved 1179648K
  class space    used 12660K, committed 12992K, reserved 1048576K
}
Event: 8.607 GC heap after
{Heap after GC invocations=33 (full 0):
 garbage-first heap   total 215040K, used 74674K [0x0000000080000000, 0x0000000100000000)
  region size 1024K, 14 young (14336K), 14 survivors (14336K)
 Metaspace       used 90477K, committed 91136K, reserved 1179648K
  class space    used 12660K, committed 12992K, reserved 1048576K
}
Event: 9.460 GC heap before
{Heap before GC invocations=33 (full 0):
 garbage-first heap   total 215040K, used 179122K [0x0000000080000000, 0x0000000100000000)
  region size 1024K, 109 young (111616K), 14 survivors (14336K)
 Metaspace       used 99175K, committed 99904K, reserved 1179648K
  class space    used 13681K, committed 14016K, reserved 1048576K
}

