# JRE version: OpenJDK Runtime Environment (17.0.9) (build 17.0.9+0--11185874)
# Java VM: OpenJDK 64-Bit Server VM (17.0.9+0--11185874, mixed mode, tiered, compressed oops, compressed class ptrs, g1 gc, windows-amd64)
GC Precious Log:
 CPUs: 8 total, 8 available
 Memory: 8032M
 Large Page Support: Disabled
 NUMA Support: Disabled
 Compressed Oops: Enabled (32-bit)
 Heap Region Size: 1M
 Heap Min Capacity: 8M
 Heap Initial Capacity: 126M
 Heap Max Capacity: 2G
 Pre-touch: Disabled
 Parallel Workers: 8
 Concurrent Workers: 2
 Concurrent Refinement Workers: 8
 Periodic GC: Disabled
Heap:
 garbage-first heap   total 475136K, used 349143K [0x0000000080000000, 0x0000000100000000)
  region size 1024K, 77 young (78848K), 8 survivors (8192K)
 Metaspace       used 209695K, committed 210880K, reserved 1245184K
  class space    used 25779K, committed 26368K, reserved 1048576K
GC Heap History (20 events):
Event: 164.879 GC heap before
{Heap before GC invocations=152 (full 0):
 garbage-first heap   total 475136K, used 240832K [0x0000000080000000, 0x0000000100000000)
  region size 1024K, 23 young (23552K), 5 survivors (5120K)
 Metaspace       used 188498K, committed 189376K, reserved 1245184K
  class space    used 23440K, committed 23872K, reserved 1048576K
}
Event: 164.883 GC heap after
{Heap after GC invocations=153 (full 0):
 garbage-first heap   total 475136K, used 218307K [0x0000000080000000, 0x0000000100000000)
  region size 1024K, 1 young (1024K), 1 survivors (1024K)
 Metaspace       used 188498K, committed 189376K, reserved 1245184K
  class space    used 23440K, committed 23872K, reserved 1048576K
}
Event: 177.018 GC heap before
{Heap before GC invocations=153 (full 0):
 garbage-first heap   total 475136K, used 407747K [0x0000000080000000, 0x0000000100000000)
  region size 1024K, 182 young (186368K), 1 survivors (1024K)
 Metaspace       used 191970K, committed 192896K, reserved 1245184K
  class space    used 23747K, committed 24192K, reserved 1048576K
}
Event: 177.023 GC heap after
{Heap after GC invocations=154 (full 0):
 garbage-first heap   total 475136K, used 220285K [0x0000000080000000, 0x0000000100000000)
  region size 1024K, 5 young (5120K), 5 survivors (5120K)
 Metaspace       used 191970K, committed 192896K, reserved 1245184K
  class space    used 23747K, committed 24192K, reserved 1048576K
}
Event: 180.223 GC heap before
{Heap before GC invocations=155 (full 0):
 garbage-first heap   total 475136K, used 403670K [0x0000000080000000, 0x0000000100000000)
  region size 1024K, 186 young (190464K), 5 survivors (5120K)
 Metaspace       used 192446K, committed 193408K, reserved 1245184K
  class space    used 23793K, committed 24256K, reserved 1048576K
}
Event: 180.228 GC heap after
{Heap after GC invocations=156 (full 0):
 garbage-first heap   total 475136K, used 221775K [0x0000000080000000, 0x0000000100000000)
  region size 1024K, 7 young (7168K), 7 survivors (7168K)
 Metaspace       used 192446K, committed 193408K, reserved 1245184K
  class space    used 23793K, committed 24256K, reserved 1048576K
}
Event: 181.113 GC heap before
{Heap before GC invocations=156 (full 0):
 garbage-first heap   total 475136K, used 237135K [0x0000000080000000, 0x0000000100000000)
  region size 1024K, 23 young (23552K), 7 survivors (7168K)
 Metaspace       used 192546K, committed 193536K, reserved 1245184K
  class space    used 23795K, committed 24256K, reserved 1048576K
}
Event: 181.120 GC heap after
{Heap after GC invocations=157 (full 0):
 garbage-first heap   total 475136K, used 218256K [0x0000000080000000, 0x0000000100000000)
  region size 1024K, 2 young (2048K), 2 survivors (2048K)
 Metaspace       used 192546K, committed 193536K, reserved 1245184K
  class space    used 23795K, committed 24256K, reserved 1048576K
}
Event: 199.020 GC heap before
{Heap before GC invocations=157 (full 0):
 garbage-first heap   total 475136K, used 404624K [0x0000000080000000, 0x0000000100000000)
  region size 1024K, 185 young (189440K), 2 survivors (2048K)
 Metaspace       used 197219K, committed 198272K, reserved 1245184K
  class space    used 24421K, committed 24960K, reserved 1048576K
}
Event: 199.029 GC heap after
{Heap after GC invocations=158 (full 0):
 garbage-first heap   total 475136K, used 225610K [0x0000000080000000, 0x0000000100000000)
  region size 1024K, 9 young (9216K), 9 survivors (9216K)
 Metaspace       used 197219K, committed 198272K, reserved 1245184K
  class space    used 24421K, committed 24960K, reserved 1048576K
}
Event: 582.643 GC heap before
{Heap before GC invocations=158 (full 0):
 garbage-first heap   total 475136K, used 405834K [0x0000000080000000, 0x0000000100000000)
  region size 1024K, 186 young (190464K), 9 survivors (9216K)
 Metaspace       used 203199K, committed 204352K, reserved 1245184K
  class space    used 25233K, committed 25792K, reserved 1048576K
}
Event: 582.658 GC heap after
{Heap after GC invocations=159 (full 0):
 garbage-first heap   total 475136K, used 239520K [0x0000000080000000, 0x0000000100000000)
  region size 1024K, 23 young (23552K), 23 survivors (23552K)
 Metaspace       used 203199K, committed 204352K, reserved 1245184K
  class space    used 25233K, committed 25792K, reserved 1048576K
}
Event: 583.219 GC heap before
{Heap before GC invocations=159 (full 0):
 garbage-first heap   total 475136K, used 308128K [0x0000000080000000, 0x0000000100000000)
  region size 1024K, 77 young (78848K), 23 survivors (23552K)
 Metaspace       used 203726K, committed 204800K, reserved 1245184K
  class space    used 25265K, committed 25792K, reserved 1048576K
}
Event: 583.241 GC heap after
{Heap after GC invocations=160 (full 0):
 garbage-first heap   total 475136K, used 265265K [0x0000000080000000, 0x0000000100000000)
  region size 1024K, 22 young (22528K), 22 survivors (22528K)
 Metaspace       used 203726K, committed 204800K, reserved 1245184K
  class space    used 25265K, committed 25792K, reserved 1048576K
}
Event: 584.114 GC heap before
{Heap before GC invocations=161 (full 0):
 garbage-first heap   total 475136K, used 390193K [0x0000000080000000, 0x0000000100000000)
  region size 1024K, 126 young (129024K), 22 survivors (22528K)
 Metaspace       used 206423K, committed 207616K, reserved 1245184K
  class space    used 25495K, committed 26048K, reserved 1048576K
}
Event: 584.131 GC heap after
{Heap after GC invocations=162 (full 0):
 garbage-first heap   total 475136K, used 276959K [0x0000000080000000, 0x0000000100000000)
  region size 1024K, 14 young (14336K), 14 survivors (14336K)
 Metaspace       used 206423K, committed 207616K, reserved 1245184K
  class space    used 25495K, committed 26048K, reserved 1048576K
}
Event: 584.165 GC heap before
{Heap before GC invocations=162 (full 0):
 garbage-first heap   total 475136K, used 285151K [0x0000000080000000, 0x0000000100000000)
  region size 1024K, 23 young (23552K), 14 survivors (14336K)
 Metaspace       used 207169K, committed 208320K, reserved 1245184K
  class space    used 25562K, committed 26112K, reserved 1048576K
}
Event: 584.174 GC heap after
{Heap after GC invocations=163 (full 0):
 garbage-first heap   total 475136K, used 276232K [0x0000000080000000, 0x0000000100000000)
  region size 1024K, 3 young (3072K), 3 survivors (3072K)
 Metaspace       used 207169K, committed 208320K, reserved 1245184K
  class space    used 25562K, committed 26112K, reserved 1048576K
}
Event: 584.536 GC heap before
{Heap before GC invocations=163 (full 0):
 garbage-first heap   total 475136K, used 379656K [0x0000000080000000, 0x0000000100000000)
  region size 1024K, 103 young (105472K), 3 survivors (3072K)
 Metaspace       used 208891K, committed 210048K, reserved 1245184K
  class space    used 25700K, committed 26240K, reserved 1048576K
}
Event: 584.544 GC heap after
{Heap after GC invocations=164 (full 0):
 garbage-first heap   total 475136K, used 280535K [0x0000000080000000, 0x0000000100000000)
  region size 1024K, 8 young (8192K), 8 survivors (8192K)
 Metaspace       used 208891K, committed 210048K, reserved 1245184K
  class space    used 25700K, committed 26240K, reserved 1048576K
}

