# JRE version: OpenJDK Runtime Environment (17.0.9) (build 17.0.9+0--11185874)
# Java VM: OpenJDK 64-Bit Server VM (17.0.9+0--11185874, mixed mode, tiered, compressed oops, compressed class ptrs, g1 gc, windows-amd64)
GC Precious Log:
 CPUs: 8 total, 8 available
 Memory: 8032M
 Large Page Support: Disabled
 NUMA Support: Disabled
 Compressed Oops: Enabled (32-bit)
 Heap Region Size: 1M
 Heap Min Capacity: 8M
 Heap Initial Capacity: 126M
 Heap Max Capacity: 2G
 Pre-touch: Disabled
 Parallel Workers: 8
 Concurrent Workers: 2
 Concurrent Refinement Workers: 8
 Periodic GC: Disabled
Heap:
 garbage-first heap   total 223232K, used 62987K [0x0000000080000000, 0x0000000100000000)
  region size 1024K, 4 young (4096K), 1 survivors (1024K)
 Metaspace       used 74202K, committed 74816K, reserved 1114112K
  class space    used 10042K, committed 10304K, reserved 1048576K
GC Heap History (20 events):
Event: 4.085 GC heap before
{Heap before GC invocations=14 (full 0):
 garbage-first heap   total 82944K, used 52684K [0x0000000080000000, 0x0000000100000000)
  region size 1024K, 15 young (15360K), 5 survivors (5120K)
 Metaspace       used 53339K, committed 53824K, reserved 1114112K
  class space    used 7254K, committed 7488K, reserved 1048576K
}
Event: 4.087 GC heap after
{Heap after GC invocations=15 (full 0):
 garbage-first heap   total 100352K, used 46348K [0x0000000080000000, 0x0000000100000000)
  region size 1024K, 1 young (1024K), 1 survivors (1024K)
 Metaspace       used 53339K, committed 53824K, reserved 1114112K
  class space    used 7254K, committed 7488K, reserved 1048576K
}
Event: 4.372 GC heap before
{Heap before GC invocations=16 (full 0):
 garbage-first heap   total 100352K, used 78092K [0x0000000080000000, 0x0000000100000000)
  region size 1024K, 31 young (31744K), 1 survivors (1024K)
 Metaspace       used 56181K, committed 56704K, reserved 1114112K
  class space    used 7672K, committed 7936K, reserved 1048576K
}
Event: 4.374 GC heap after
{Heap after GC invocations=17 (full 0):
 garbage-first heap   total 100352K, used 48159K [0x0000000080000000, 0x0000000100000000)
  region size 1024K, 2 young (2048K), 2 survivors (2048K)
 Metaspace       used 56181K, committed 56704K, reserved 1114112K
  class space    used 7672K, committed 7936K, reserved 1048576K
}
Event: 4.638 GC heap before
{Heap before GC invocations=17 (full 0):
 garbage-first heap   total 100352K, used 78879K [0x0000000080000000, 0x0000000100000000)
  region size 1024K, 32 young (32768K), 2 survivors (2048K)
 Metaspace       used 59601K, committed 60224K, reserved 1114112K
  class space    used 8089K, committed 8384K, reserved 1048576K
}
Event: 4.640 GC heap after
{Heap after GC invocations=18 (full 0):
 garbage-first heap   total 100352K, used 48903K [0x0000000080000000, 0x0000000100000000)
  region size 1024K, 3 young (3072K), 3 survivors (3072K)
 Metaspace       used 59601K, committed 60224K, reserved 1114112K
  class space    used 8089K, committed 8384K, reserved 1048576K
}
Event: 4.937 GC heap before
{Heap before GC invocations=19 (full 0):
 garbage-first heap   total 100352K, used 68359K [0x0000000080000000, 0x0000000100000000)
  region size 1024K, 23 young (23552K), 3 survivors (3072K)
 Metaspace       used 63331K, committed 63936K, reserved 1114112K
  class space    used 8577K, committed 8832K, reserved 1048576K
}
Event: 4.940 GC heap after
{Heap after GC invocations=20 (full 0):
 garbage-first heap   total 100352K, used 51318K [0x0000000080000000, 0x0000000100000000)
  region size 1024K, 5 young (5120K), 5 survivors (5120K)
 Metaspace       used 63331K, committed 63936K, reserved 1114112K
  class space    used 8577K, committed 8832K, reserved 1048576K
}
Event: 5.136 GC heap before
{Heap before GC invocations=21 (full 0):
 garbage-first heap   total 111616K, used 86134K [0x0000000080000000, 0x0000000100000000)
  region size 1024K, 33 young (33792K), 5 survivors (5120K)
 Metaspace       used 64745K, committed 65280K, reserved 1114112K
  class space    used 8767K, committed 9024K, reserved 1048576K
}
Event: 5.140 GC heap after
{Heap after GC invocations=22 (full 0):
 garbage-first heap   total 111616K, used 54089K [0x0000000080000000, 0x0000000100000000)
  region size 1024K, 5 young (5120K), 5 survivors (5120K)
 Metaspace       used 64745K, committed 65280K, reserved 1114112K
  class space    used 8767K, committed 9024K, reserved 1048576K
}
Event: 5.415 GC heap before
{Heap before GC invocations=22 (full 0):
 garbage-first heap   total 111616K, used 86857K [0x0000000080000000, 0x0000000100000000)
  region size 1024K, 37 young (37888K), 5 survivors (5120K)
 Metaspace       used 67214K, committed 67776K, reserved 1114112K
  class space    used 9082K, committed 9344K, reserved 1048576K
}
Event: 5.419 GC heap after
{Heap after GC invocations=23 (full 0):
 garbage-first heap   total 111616K, used 56306K [0x0000000080000000, 0x0000000100000000)
  region size 1024K, 3 young (3072K), 3 survivors (3072K)
 Metaspace       used 67214K, committed 67776K, reserved 1114112K
  class space    used 9082K, committed 9344K, reserved 1048576K
}
Event: 5.688 GC heap before
{Heap before GC invocations=23 (full 0):
 garbage-first heap   total 111616K, used 88050K [0x0000000080000000, 0x0000000100000000)
  region size 1024K, 34 young (34816K), 3 survivors (3072K)
 Metaspace       used 70942K, committed 71488K, reserved 1114112K
  class space    used 9611K, committed 9856K, reserved 1048576K
}
Event: 5.691 GC heap after
{Heap after GC invocations=24 (full 0):
 garbage-first heap   total 111616K, used 57468K [0x0000000080000000, 0x0000000100000000)
  region size 1024K, 4 young (4096K), 4 survivors (4096K)
 Metaspace       used 70942K, committed 71488K, reserved 1114112K
  class space    used 9611K, committed 9856K, reserved 1048576K
}
Event: 5.926 GC heap before
{Heap before GC invocations=25 (full 0):
 garbage-first heap   total 111616K, used 88188K [0x0000000080000000, 0x0000000100000000)
  region size 1024K, 35 young (35840K), 4 survivors (4096K)
 Metaspace       used 73181K, committed 73728K, reserved 1114112K
  class space    used 9897K, committed 10112K, reserved 1048576K
}
Event: 5.929 GC heap after
{Heap after GC invocations=26 (full 0):
 garbage-first heap   total 111616K, used 59450K [0x0000000080000000, 0x0000000100000000)
  region size 1024K, 4 young (4096K), 4 survivors (4096K)
 Metaspace       used 73181K, committed 73728K, reserved 1114112K
  class space    used 9897K, committed 10112K, reserved 1048576K
}
Event: 5.934 GC heap before
{Heap before GC invocations=26 (full 0):
 garbage-first heap   total 111616K, used 60474K [0x0000000080000000, 0x0000000100000000)
  region size 1024K, 5 young (5120K), 4 survivors (4096K)
 Metaspace       used 73242K, committed 73856K, reserved 1114112K
  class space    used 9904K, committed 10176K, reserved 1048576K
}
Event: 5.937 GC heap after
{Heap after GC invocations=27 (full 0):
 garbage-first heap   total 111616K, used 59729K [0x0000000080000000, 0x0000000100000000)
  region size 1024K, 1 young (1024K), 1 survivors (1024K)
 Metaspace       used 73242K, committed 73856K, reserved 1114112K
  class space    used 9904K, committed 10176K, reserved 1048576K
}
Event: 6.022 GC heap before
{Heap before GC invocations=27 (full 0):
 garbage-first heap   total 111616K, used 69969K [0x0000000080000000, 0x0000000100000000)
  region size 1024K, 12 young (12288K), 1 survivors (1024K)
 Metaspace       used 74035K, committed 74624K, reserved 1114112K
  class space    used 10022K, committed 10304K, reserved 1048576K
}
Event: 6.024 GC heap after
{Heap after GC invocations=28 (full 0):
 garbage-first heap   total 223232K, used 59915K [0x0000000080000000, 0x0000000100000000)
  region size 1024K, 1 young (1024K), 1 survivors (1024K)
 Metaspace       used 74035K, committed 74624K, reserved 1114112K
  class space    used 10022K, committed 10304K, reserved 1048576K
}

