# JRE version: OpenJDK Runtime Environment (17.0.9) (build 17.0.9+0--11185874)
# Java VM: OpenJDK 64-Bit Server VM (17.0.9+0--11185874, mixed mode, tiered, compressed oops, compressed class ptrs, g1 gc, windows-amd64)
GC Precious Log:
 CPUs: 8 total, 8 available
 Memory: 8032M
 Large Page Support: Disabled
 NUMA Support: Disabled
 Compressed Oops: Enabled (32-bit)
 Heap Region Size: 1M
 Heap Min Capacity: 8M
 Heap Initial Capacity: 126M
 Heap Max Capacity: 2G
 Pre-touch: Disabled
 Parallel Workers: 8
 Concurrent Workers: 2
 Concurrent Refinement Workers: 8
 Periodic GC: Disabled
Heap:
 garbage-first heap   total 150528K, used 78185K [0x0000000080000000, 0x0000000100000000)
  region size 1024K, 1 young (1024K), 1 survivors (1024K)
 Metaspace       used 69087K, committed 69760K, reserved 1114112K
  class space    used 9305K, committed 9600K, reserved 1048576K
GC Heap History (20 events):
Event: 4.943 GC heap after
{Heap after GC invocations=26 (full 0):
 garbage-first heap   total 121856K, used 59784K [0x0000000080000000, 0x0000000100000000)
  region size 1024K, 3 young (3072K), 3 survivors (3072K)
 Metaspace       used 57469K, committed 58112K, reserved 1114112K
  class space    used 7772K, committed 8064K, reserved 1048576K
}
Event: 4.998 GC heap before
{Heap before GC invocations=27 (full 0):
 garbage-first heap   total 121856K, used 73096K [0x0000000080000000, 0x0000000100000000)
  region size 1024K, 13 young (13312K), 3 survivors (3072K)
 Metaspace       used 57820K, committed 58496K, reserved 1114112K
  class space    used 7831K, committed 8128K, reserved 1048576K
}
Event: 5.001 GC heap after
{Heap after GC invocations=28 (full 0):
 garbage-first heap   total 121856K, used 68943K [0x0000000080000000, 0x0000000100000000)
  region size 1024K, 5 young (5120K), 5 survivors (5120K)
 Metaspace       used 57820K, committed 58496K, reserved 1114112K
  class space    used 7831K, committed 8128K, reserved 1048576K
}
Event: 5.055 GC heap before
{Heap before GC invocations=29 (full 0):
 garbage-first heap   total 128000K, used 79183K [0x0000000080000000, 0x0000000100000000)
  region size 1024K, 16 young (16384K), 5 survivors (5120K)
 Metaspace       used 58421K, committed 59136K, reserved 1114112K
  class space    used 7888K, committed 8192K, reserved 1048576K
}
Event: 5.058 GC heap after
{Heap after GC invocations=30 (full 0):
 garbage-first heap   total 128000K, used 70614K [0x0000000080000000, 0x0000000100000000)
  region size 1024K, 2 young (2048K), 2 survivors (2048K)
 Metaspace       used 58421K, committed 59136K, reserved 1114112K
  class space    used 7888K, committed 8192K, reserved 1048576K
}
Event: 5.242 GC heap before
{Heap before GC invocations=31 (full 0):
 garbage-first heap   total 128000K, used 93142K [0x0000000080000000, 0x0000000100000000)
  region size 1024K, 23 young (23552K), 2 survivors (2048K)
 Metaspace       used 60317K, committed 60928K, reserved 1114112K
  class space    used 8176K, committed 8448K, reserved 1048576K
}
Event: 5.243 GC heap after
{Heap after GC invocations=32 (full 0):
 garbage-first heap   total 128000K, used 72463K [0x0000000080000000, 0x0000000100000000)
  region size 1024K, 1 young (1024K), 1 survivors (1024K)
 Metaspace       used 60317K, committed 60928K, reserved 1114112K
  class space    used 8176K, committed 8448K, reserved 1048576K
}
Event: 5.311 GC heap before
{Heap before GC invocations=32 (full 0):
 garbage-first heap   total 128000K, used 76559K [0x0000000080000000, 0x0000000100000000)
  region size 1024K, 6 young (6144K), 1 survivors (1024K)
 Metaspace       used 60828K, committed 61504K, reserved 1114112K
  class space    used 8239K, committed 8512K, reserved 1048576K
}
Event: 5.316 GC heap after
{Heap after GC invocations=33 (full 0):
 garbage-first heap   total 128000K, used 72615K [0x0000000080000000, 0x0000000100000000)
  region size 1024K, 1 young (1024K), 1 survivors (1024K)
 Metaspace       used 60828K, committed 61504K, reserved 1114112K
  class space    used 8239K, committed 8512K, reserved 1048576K
}
Event: 5.532 GC heap before
{Heap before GC invocations=33 (full 0):
 garbage-first heap   total 128000K, used 94119K [0x0000000080000000, 0x0000000100000000)
  region size 1024K, 23 young (23552K), 1 survivors (1024K)
 Metaspace       used 63477K, committed 64192K, reserved 1114112K
  class space    used 8539K, committed 8832K, reserved 1048576K
}
Event: 5.534 GC heap after
{Heap after GC invocations=34 (full 0):
 garbage-first heap   total 128000K, used 73030K [0x0000000080000000, 0x0000000100000000)
  region size 1024K, 1 young (1024K), 1 survivors (1024K)
 Metaspace       used 63477K, committed 64192K, reserved 1114112K
  class space    used 8539K, committed 8832K, reserved 1048576K
}
Event: 5.918 GC heap before
{Heap before GC invocations=35 (full 0):
 garbage-first heap   total 128000K, used 97606K [0x0000000080000000, 0x0000000100000000)
  region size 1024K, 25 young (25600K), 1 survivors (1024K)
 Metaspace       used 66591K, committed 67264K, reserved 1114112K
  class space    used 8999K, committed 9344K, reserved 1048576K
}
Event: 5.920 GC heap after
{Heap after GC invocations=36 (full 0):
 garbage-first heap   total 128000K, used 74444K [0x0000000080000000, 0x0000000100000000)
  region size 1024K, 3 young (3072K), 3 survivors (3072K)
 Metaspace       used 66591K, committed 67264K, reserved 1114112K
  class space    used 8999K, committed 9344K, reserved 1048576K
}
Event: 5.985 GC heap before
{Heap before GC invocations=36 (full 0):
 garbage-first heap   total 128000K, used 77516K [0x0000000080000000, 0x0000000100000000)
  region size 1024K, 6 young (6144K), 3 survivors (3072K)
 Metaspace       used 67822K, committed 68544K, reserved 1114112K
  class space    used 9130K, committed 9472K, reserved 1048576K
}
Event: 5.988 GC heap after
{Heap after GC invocations=37 (full 0):
 garbage-first heap   total 128000K, used 74978K [0x0000000080000000, 0x0000000100000000)
  region size 1024K, 1 young (1024K), 1 survivors (1024K)
 Metaspace       used 67822K, committed 68544K, reserved 1114112K
  class space    used 9130K, committed 9472K, reserved 1048576K
}
Event: 6.013 GC heap before
{Heap before GC invocations=37 (full 0):
 garbage-first heap   total 128000K, used 77026K [0x0000000080000000, 0x0000000100000000)
  region size 1024K, 4 young (4096K), 1 survivors (1024K)
 Metaspace       used 67897K, committed 68672K, reserved 1114112K
  class space    used 9141K, committed 9472K, reserved 1048576K
}
Event: 6.015 GC heap after
{Heap after GC invocations=38 (full 0):
 garbage-first heap   total 128000K, used 75516K [0x0000000080000000, 0x0000000100000000)
  region size 1024K, 2 young (2048K), 2 survivors (2048K)
 Metaspace       used 67897K, committed 68672K, reserved 1114112K
  class space    used 9141K, committed 9472K, reserved 1048576K
}
Event: 6.174 GC heap before
{Heap before GC invocations=39 (full 0):
 garbage-first heap   total 150528K, used 104188K [0x0000000080000000, 0x0000000100000000)
  region size 1024K, 25 young (25600K), 2 survivors (2048K)
 Metaspace       used 68853K, committed 69568K, reserved 1114112K
  class space    used 9275K, committed 9600K, reserved 1048576K
}
Event: 6.177 GC heap after
{Heap after GC invocations=40 (full 0):
 garbage-first heap   total 150528K, used 77681K [0x0000000080000000, 0x0000000100000000)
  region size 1024K, 4 young (4096K), 4 survivors (4096K)
 Metaspace       used 68853K, committed 69568K, reserved 1114112K
  class space    used 9275K, committed 9600K, reserved 1048576K
}
Event: 6.201 GC heap before
{Heap before GC invocations=40 (full 0):
 garbage-first heap   total 150528K, used 80753K [0x0000000080000000, 0x0000000100000000)
  region size 1024K, 7 young (7168K), 4 survivors (4096K)
 Metaspace       used 69087K, committed 69760K, reserved 1114112K
  class space    used 9305K, committed 9600K, reserved 1048576K
}

