# JRE version: OpenJDK Runtime Environment (17.0.9) (build 17.0.9+0--11185874)
# Java VM: OpenJDK 64-Bit Server VM (17.0.9+0--11185874, mixed mode, tiered, compressed oops, compressed class ptrs, g1 gc, windows-amd64)
GC Precious Log:
 CPUs: 8 total, 8 available
 Memory: 8032M
 Large Page Support: Disabled
 NUMA Support: Disabled
 Compressed Oops: Enabled (32-bit)
 Heap Region Size: 1M
 Heap Min Capacity: 8M
 Heap Initial Capacity: 126M
 Heap Max Capacity: 2G
 Pre-touch: Disabled
 Parallel Workers: 8
 Concurrent Workers: 2
 Concurrent Refinement Workers: 8
 Periodic GC: Disabled
Heap:
 garbage-first heap   total 129024K, used 57905K [0x0000000080000000, 0x0000000100000000)
  region size 1024K, 5 young (5120K), 5 survivors (5120K)
 Metaspace       used 54641K, committed 55104K, reserved 1114112K
  class space    used 7252K, committed 7488K, reserved 1048576K
GC Heap History (20 events):
Event: 3.580 GC heap after
{Heap after GC invocations=13 (full 0):
 garbage-first heap   total 86016K, used 42258K [0x0000000080000000, 0x0000000100000000)
  region size 1024K, 2 young (2048K), 2 survivors (2048K)
 Metaspace       used 46270K, committed 46656K, reserved 1114112K
  class space    used 6124K, committed 6336K, reserved 1048576K
}
Event: 3.842 GC heap before
{Heap before GC invocations=13 (full 0):
 garbage-first heap   total 86016K, used 65810K [0x0000000080000000, 0x0000000100000000)
  region size 1024K, 26 young (26624K), 2 survivors (2048K)
 Metaspace       used 49852K, committed 50240K, reserved 1114112K
  class space    used 6740K, committed 6912K, reserved 1048576K
}
Event: 3.845 GC heap after
{Heap after GC invocations=14 (full 0):
 garbage-first heap   total 86016K, used 43650K [0x0000000080000000, 0x0000000100000000)
  region size 1024K, 4 young (4096K), 4 survivors (4096K)
 Metaspace       used 49852K, committed 50240K, reserved 1114112K
  class space    used 6740K, committed 6912K, reserved 1048576K
}
Event: 3.994 GC heap before
{Heap before GC invocations=15 (full 0):
 garbage-first heap   total 86016K, used 67202K [0x0000000080000000, 0x0000000100000000)
  region size 1024K, 27 young (27648K), 4 survivors (4096K)
 Metaspace       used 50301K, committed 50688K, reserved 1114112K
  class space    used 6769K, committed 6976K, reserved 1048576K
}
Event: 3.997 GC heap after
{Heap after GC invocations=16 (full 0):
 garbage-first heap   total 86016K, used 44967K [0x0000000080000000, 0x0000000100000000)
  region size 1024K, 3 young (3072K), 3 survivors (3072K)
 Metaspace       used 50301K, committed 50688K, reserved 1114112K
  class space    used 6769K, committed 6976K, reserved 1048576K
}
Event: 4.067 GC heap before
{Heap before GC invocations=16 (full 0):
 garbage-first heap   total 86016K, used 68519K [0x0000000080000000, 0x0000000100000000)
  region size 1024K, 26 young (26624K), 3 survivors (3072K)
 Metaspace       used 50330K, committed 50688K, reserved 1114112K
  class space    used 6769K, committed 6976K, reserved 1048576K
}
Event: 4.070 GC heap after
{Heap after GC invocations=17 (full 0):
 garbage-first heap   total 86016K, used 46005K [0x0000000080000000, 0x0000000100000000)
  region size 1024K, 3 young (3072K), 3 survivors (3072K)
 Metaspace       used 50330K, committed 50688K, reserved 1114112K
  class space    used 6769K, committed 6976K, reserved 1048576K
}
Event: 4.145 GC heap before
{Heap before GC invocations=18 (full 0):
 garbage-first heap   total 92160K, used 68533K [0x0000000080000000, 0x0000000100000000)
  region size 1024K, 25 young (25600K), 3 survivors (3072K)
 Metaspace       used 50356K, committed 50816K, reserved 1114112K
  class space    used 6772K, committed 6976K, reserved 1048576K
}
Event: 4.148 GC heap after
{Heap after GC invocations=19 (full 0):
 garbage-first heap   total 92160K, used 46722K [0x0000000080000000, 0x0000000100000000)
  region size 1024K, 2 young (2048K), 2 survivors (2048K)
 Metaspace       used 50356K, committed 50816K, reserved 1114112K
  class space    used 6772K, committed 6976K, reserved 1048576K
}
Event: 4.153 GC heap before
{Heap before GC invocations=19 (full 0):
 garbage-first heap   total 92160K, used 48770K [0x0000000080000000, 0x0000000100000000)
  region size 1024K, 4 young (4096K), 2 survivors (2048K)
 Metaspace       used 50357K, committed 50816K, reserved 1114112K
  class space    used 6772K, committed 6976K, reserved 1048576K
}
Event: 4.156 GC heap after
{Heap after GC invocations=20 (full 0):
 garbage-first heap   total 115712K, used 46632K [0x0000000080000000, 0x0000000100000000)
  region size 1024K, 1 young (1024K), 1 survivors (1024K)
 Metaspace       used 50357K, committed 50816K, reserved 1114112K
  class space    used 6772K, committed 6976K, reserved 1048576K
}
Event: 4.269 GC heap before
{Heap before GC invocations=20 (full 0):
 garbage-first heap   total 115712K, used 92712K [0x0000000080000000, 0x0000000100000000)
  region size 1024K, 46 young (47104K), 1 survivors (1024K)
 Metaspace       used 50364K, committed 50816K, reserved 1114112K
  class space    used 6772K, committed 6976K, reserved 1048576K
}
Event: 4.271 GC heap after
{Heap after GC invocations=21 (full 0):
 garbage-first heap   total 115712K, used 47369K [0x0000000080000000, 0x0000000100000000)
  region size 1024K, 1 young (1024K), 1 survivors (1024K)
 Metaspace       used 50364K, committed 50816K, reserved 1114112K
  class space    used 6772K, committed 6976K, reserved 1048576K
}
Event: 4.682 GC heap before
{Heap before GC invocations=21 (full 0):
 garbage-first heap   total 115712K, used 94473K [0x0000000080000000, 0x0000000100000000)
  region size 1024K, 48 young (49152K), 1 survivors (1024K)
 Metaspace       used 52777K, committed 53248K, reserved 1114112K
  class space    used 7042K, committed 7296K, reserved 1048576K
}
Event: 4.686 GC heap after
{Heap after GC invocations=22 (full 0):
 garbage-first heap   total 115712K, used 50582K [0x0000000080000000, 0x0000000100000000)
  region size 1024K, 5 young (5120K), 5 survivors (5120K)
 Metaspace       used 52777K, committed 53248K, reserved 1114112K
  class space    used 7042K, committed 7296K, reserved 1048576K
}
Event: 4.772 GC heap before
{Heap before GC invocations=22 (full 0):
 garbage-first heap   total 115712K, used 93590K [0x0000000080000000, 0x0000000100000000)
  region size 1024K, 47 young (48128K), 5 survivors (5120K)
 Metaspace       used 52785K, committed 53248K, reserved 1114112K
  class space    used 7042K, committed 7296K, reserved 1048576K
}
Event: 4.775 GC heap after
{Heap after GC invocations=23 (full 0):
 garbage-first heap   total 115712K, used 50937K [0x0000000080000000, 0x0000000100000000)
  region size 1024K, 1 young (1024K), 1 survivors (1024K)
 Metaspace       used 52785K, committed 53248K, reserved 1114112K
  class space    used 7042K, committed 7296K, reserved 1048576K
}
Event: 5.044 GC heap before
{Heap before GC invocations=23 (full 0):
 garbage-first heap   total 115712K, used 77561K [0x0000000080000000, 0x0000000100000000)
  region size 1024K, 28 young (28672K), 1 survivors (1024K)
 Metaspace       used 53576K, committed 54144K, reserved 1114112K
  class space    used 7136K, committed 7424K, reserved 1048576K
}
Event: 5.047 GC heap after
{Heap after GC invocations=24 (full 0):
 garbage-first heap   total 115712K, used 52770K [0x0000000080000000, 0x0000000100000000)
  region size 1024K, 3 young (3072K), 3 survivors (3072K)
 Metaspace       used 53576K, committed 54144K, reserved 1114112K
  class space    used 7136K, committed 7424K, reserved 1048576K
}
Event: 5.222 GC heap before
{Heap before GC invocations=24 (full 0):
 garbage-first heap   total 115712K, used 69154K [0x0000000080000000, 0x0000000100000000)
  region size 1024K, 18 young (18432K), 3 survivors (3072K)
 Metaspace       used 54641K, committed 55104K, reserved 1114112K
  class space    used 7252K, committed 7488K, reserved 1048576K
}

