# JRE version: OpenJDK Runtime Environment (17.0.9) (build 17.0.9+0--11185874)
# Java VM: OpenJDK 64-Bit Server VM (17.0.9+0--11185874, mixed mode, tiered, compressed oops, compressed class ptrs, g1 gc, windows-amd64)
GC Precious Log:
 CPUs: 8 total, 8 available
 Memory: 8032M
 Large Page Support: Disabled
 NUMA Support: Disabled
 Compressed Oops: Enabled (32-bit)
 Heap Region Size: 1M
 Heap Min Capacity: 8M
 Heap Initial Capacity: 126M
 Heap Max Capacity: 2G
 Pre-touch: Disabled
 Parallel Workers: 8
 Concurrent Workers: 2
 Concurrent Refinement Workers: 8
 Periodic GC: Disabled
Heap:
 garbage-first heap   total 223232K, used 107980K [0x0000000080000000, 0x0000000100000000)
  region size 1024K, 7 young (7168K), 7 survivors (7168K)
 Metaspace       used 106320K, committed 107008K, reserved 1179648K
  class space    used 14416K, committed 14784K, reserved 1048576K
GC Heap History (20 events):
Event: 8.771 GC heap after
{Heap after GC invocations=36 (full 0):
 garbage-first heap   total 219136K, used 69823K [0x0000000080000000, 0x0000000100000000)
  region size 1024K, 2 young (2048K), 2 survivors (2048K)
 Metaspace       used 88807K, committed 89472K, reserved 1179648K
  class space    used 12397K, committed 12736K, reserved 1048576K
}
Event: 9.502 GC heap before
{Heap before GC invocations=36 (full 0):
 garbage-first heap   total 219136K, used 171199K [0x0000000080000000, 0x0000000100000000)
  region size 1024K, 102 young (104448K), 2 survivors (2048K)
 Metaspace       used 90757K, committed 91392K, reserved 1179648K
  class space    used 12684K, committed 12992K, reserved 1048576K
}
Event: 9.510 GC heap after
{Heap after GC invocations=37 (full 0):
 garbage-first heap   total 219136K, used 76300K [0x0000000080000000, 0x0000000100000000)
  region size 1024K, 8 young (8192K), 8 survivors (8192K)
 Metaspace       used 90757K, committed 91392K, reserved 1179648K
  class space    used 12684K, committed 12992K, reserved 1048576K
}
Event: 9.857 GC heap before
{Heap before GC invocations=37 (full 0):
 garbage-first heap   total 219136K, used 173580K [0x0000000080000000, 0x0000000100000000)
  region size 1024K, 104 young (106496K), 8 survivors (8192K)
 Metaspace       used 92479K, committed 93184K, reserved 1179648K
  class space    used 12917K, committed 13248K, reserved 1048576K
}
Event: 9.864 GC heap after
{Heap after GC invocations=38 (full 0):
 garbage-first heap   total 219136K, used 78716K [0x0000000080000000, 0x0000000100000000)
  region size 1024K, 3 young (3072K), 3 survivors (3072K)
 Metaspace       used 92479K, committed 93184K, reserved 1179648K
  class space    used 12917K, committed 13248K, reserved 1048576K
}
Event: 10.133 GC heap before
{Heap before GC invocations=38 (full 0):
 garbage-first heap   total 219136K, used 177020K [0x0000000080000000, 0x0000000100000000)
  region size 1024K, 100 young (102400K), 3 survivors (3072K)
 Metaspace       used 92816K, committed 93568K, reserved 1179648K
  class space    used 12950K, committed 13312K, reserved 1048576K
}
Event: 10.135 GC heap after
{Heap after GC invocations=39 (full 0):
 garbage-first heap   total 219136K, used 78605K [0x0000000080000000, 0x0000000100000000)
  region size 1024K, 3 young (3072K), 3 survivors (3072K)
 Metaspace       used 92816K, committed 93568K, reserved 1179648K
  class space    used 12950K, committed 13312K, reserved 1048576K
}
Event: 10.411 GC heap before
{Heap before GC invocations=39 (full 0):
 garbage-first heap   total 219136K, used 181005K [0x0000000080000000, 0x0000000100000000)
  region size 1024K, 103 young (105472K), 3 survivors (3072K)
 Metaspace       used 92889K, committed 93632K, reserved 1179648K
  class space    used 12954K, committed 13312K, reserved 1048576K
}
Event: 10.414 GC heap after
{Heap after GC invocations=40 (full 0):
 garbage-first heap   total 219136K, used 78484K [0x0000000080000000, 0x0000000100000000)
  region size 1024K, 3 young (3072K), 3 survivors (3072K)
 Metaspace       used 92889K, committed 93632K, reserved 1179648K
  class space    used 12954K, committed 13312K, reserved 1048576K
}
Event: 10.706 GC heap before
{Heap before GC invocations=40 (full 0):
 garbage-first heap   total 219136K, used 183956K [0x0000000080000000, 0x0000000100000000)
  region size 1024K, 106 young (108544K), 3 survivors (3072K)
 Metaspace       used 92912K, committed 93632K, reserved 1179648K
  class space    used 12957K, committed 13312K, reserved 1048576K
}
Event: 10.708 GC heap after
{Heap after GC invocations=41 (full 0):
 garbage-first heap   total 219136K, used 78372K [0x0000000080000000, 0x0000000100000000)
  region size 1024K, 3 young (3072K), 3 survivors (3072K)
 Metaspace       used 92912K, committed 93632K, reserved 1179648K
  class space    used 12957K, committed 13312K, reserved 1048576K
}
Event: 11.657 GC heap before
{Heap before GC invocations=41 (full 0):
 garbage-first heap   total 219136K, used 193060K [0x0000000080000000, 0x0000000100000000)
  region size 1024K, 108 young (110592K), 3 survivors (3072K)
 Metaspace       used 102328K, committed 102976K, reserved 1179648K
  class space    used 14038K, committed 14336K, reserved 1048576K
}
Event: 11.670 GC heap after
{Heap after GC invocations=42 (full 0):
 garbage-first heap   total 219136K, used 96402K [0x0000000080000000, 0x0000000100000000)
  region size 1024K, 14 young (14336K), 14 survivors (14336K)
 Metaspace       used 102328K, committed 102976K, reserved 1179648K
  class space    used 14038K, committed 14336K, reserved 1048576K
}
Event: 12.415 GC heap before
{Heap before GC invocations=42 (full 0):
 garbage-first heap   total 219136K, used 175250K [0x0000000080000000, 0x0000000100000000)
  region size 1024K, 91 young (93184K), 14 survivors (14336K)
 Metaspace       used 105383K, committed 106048K, reserved 1179648K
  class space    used 14329K, committed 14656K, reserved 1048576K
}
Event: 12.438 GC heap after
{Heap after GC invocations=43 (full 0):
 garbage-first heap   total 219136K, used 101867K [0x0000000080000000, 0x0000000100000000)
  region size 1024K, 5 young (5120K), 5 survivors (5120K)
 Metaspace       used 105383K, committed 106048K, reserved 1179648K
  class space    used 14329K, committed 14656K, reserved 1048576K
}
Event: 12.803 GC heap before
{Heap before GC invocations=43 (full 0):
 garbage-first heap   total 219136K, used 176619K [0x0000000080000000, 0x0000000100000000)
  region size 1024K, 79 young (80896K), 5 survivors (5120K)
 Metaspace       used 106302K, committed 107008K, reserved 1179648K
  class space    used 14416K, committed 14784K, reserved 1048576K
}
Event: 12.810 GC heap after
{Heap after GC invocations=44 (full 0):
 garbage-first heap   total 219136K, used 104849K [0x0000000080000000, 0x0000000100000000)
  region size 1024K, 8 young (8192K), 8 survivors (8192K)
 Metaspace       used 106302K, committed 107008K, reserved 1179648K
  class space    used 14416K, committed 14784K, reserved 1048576K
}
Event: 12.977 GC heap before
{Heap before GC invocations=44 (full 0):
 garbage-first heap   total 219136K, used 178577K [0x0000000080000000, 0x0000000100000000)
  region size 1024K, 81 young (82944K), 8 survivors (8192K)
 Metaspace       used 106312K, committed 107008K, reserved 1179648K
  class space    used 14416K, committed 14784K, reserved 1048576K
}
Event: 12.983 GC heap after
{Heap after GC invocations=45 (full 0):
 garbage-first heap   total 219136K, used 106101K [0x0000000080000000, 0x0000000100000000)
  region size 1024K, 6 young (6144K), 6 survivors (6144K)
 Metaspace       used 106312K, committed 107008K, reserved 1179648K
  class space    used 14416K, committed 14784K, reserved 1048576K
}
Event: 13.142 GC heap before
{Heap before GC invocations=45 (full 0):
 garbage-first heap   total 219136K, used 179829K [0x0000000080000000, 0x0000000100000000)
  region size 1024K, 79 young (80896K), 6 survivors (6144K)
 Metaspace       used 106320K, committed 107008K, reserved 1179648K
  class space    used 14416K, committed 14784K, reserved 1048576K
}

