# JRE version: OpenJDK Runtime Environment (17.0.9) (build 17.0.9+0--11185874)
# Java VM: OpenJDK 64-Bit Server VM (17.0.9+0--11185874, mixed mode, tiered, compressed oops, compressed class ptrs, g1 gc, windows-amd64)
GC Precious Log:
 CPUs: 8 total, 8 available
 Memory: 8032M
 Large Page Support: Disabled
 NUMA Support: Disabled
 Compressed Oops: Enabled (32-bit)
 Heap Region Size: 1M
 Heap Min Capacity: 8M
 Heap Initial Capacity: 126M
 Heap Max Capacity: 2G
 Pre-touch: Disabled
 Parallel Workers: 8
 Concurrent Workers: 2
 Concurrent Refinement Workers: 8
 Periodic GC: Disabled
Heap:
 garbage-first heap   total 464896K, used 238574K [0x0000000080000000, 0x0000000100000000)
  region size 1024K, 12 young (12288K), 12 survivors (12288K)
 Metaspace       used 113509K, committed 114240K, reserved 1179648K
  class space    used 15750K, committed 16128K, reserved 1048576K
GC Heap History (20 events):
Event: 15.204 GC heap after
{Heap after GC invocations=63 (full 0):
 garbage-first heap   total 396288K, used 162145K [0x0000000080000000, 0x0000000100000000)
  region size 1024K, 14 young (14336K), 14 survivors (14336K)
 Metaspace       used 112692K, committed 113408K, reserved 1179648K
  class space    used 15690K, committed 16064K, reserved 1048576K
}
Event: 15.539 GC heap before
{Heap before GC invocations=63 (full 0):
 garbage-first heap   total 396288K, used 341345K [0x0000000080000000, 0x0000000100000000)
  region size 1024K, 188 young (192512K), 14 survivors (14336K)
 Metaspace       used 112999K, committed 113792K, reserved 1179648K
  class space    used 15702K, committed 16128K, reserved 1048576K
}
Event: 15.549 GC heap after
{Heap after GC invocations=64 (full 0):
 garbage-first heap   total 396288K, used 166303K [0x0000000080000000, 0x0000000100000000)
  region size 1024K, 13 young (13312K), 13 survivors (13312K)
 Metaspace       used 112999K, committed 113792K, reserved 1179648K
  class space    used 15702K, committed 16128K, reserved 1048576K
}
Event: 15.913 GC heap before
{Heap before GC invocations=64 (full 0):
 garbage-first heap   total 396288K, used 342431K [0x0000000080000000, 0x0000000100000000)
  region size 1024K, 185 young (189440K), 13 survivors (13312K)
 Metaspace       used 113051K, committed 113856K, reserved 1179648K
  class space    used 15702K, committed 16128K, reserved 1048576K
}
Event: 15.921 GC heap after
{Heap after GC invocations=65 (full 0):
 garbage-first heap   total 464896K, used 162276K [0x0000000080000000, 0x0000000100000000)
  region size 1024K, 10 young (10240K), 10 survivors (10240K)
 Metaspace       used 113051K, committed 113856K, reserved 1179648K
  class space    used 15702K, committed 16128K, reserved 1048576K
}
Event: 16.657 GC heap before
{Heap before GC invocations=65 (full 0):
 garbage-first heap   total 464896K, used 409060K [0x0000000080000000, 0x0000000100000000)
  region size 1024K, 249 young (254976K), 10 survivors (10240K)
 Metaspace       used 113183K, committed 113984K, reserved 1179648K
  class space    used 15714K, committed 16128K, reserved 1048576K
}
Event: 16.668 GC heap after
{Heap after GC invocations=66 (full 0):
 garbage-first heap   total 464896K, used 163381K [0x0000000080000000, 0x0000000100000000)
  region size 1024K, 11 young (11264K), 11 survivors (11264K)
 Metaspace       used 113183K, committed 113984K, reserved 1179648K
  class space    used 15714K, committed 16128K, reserved 1048576K
}
Event: 16.996 GC heap before
{Heap before GC invocations=66 (full 0):
 garbage-first heap   total 464896K, used 405045K [0x0000000080000000, 0x0000000100000000)
  region size 1024K, 248 young (253952K), 11 survivors (11264K)
 Metaspace       used 113219K, committed 113984K, reserved 1179648K
  class space    used 15716K, committed 16128K, reserved 1048576K
}
Event: 17.008 GC heap after
{Heap after GC invocations=67 (full 0):
 garbage-first heap   total 464896K, used 165812K [0x0000000080000000, 0x0000000100000000)
  region size 1024K, 13 young (13312K), 13 survivors (13312K)
 Metaspace       used 113219K, committed 113984K, reserved 1179648K
  class space    used 15716K, committed 16128K, reserved 1048576K
}
Event: 17.485 GC heap before
{Heap before GC invocations=67 (full 0):
 garbage-first heap   total 464896K, used 403380K [0x0000000080000000, 0x0000000100000000)
  region size 1024K, 246 young (251904K), 13 survivors (13312K)
 Metaspace       used 113371K, committed 114112K, reserved 1179648K
  class space    used 15738K, committed 16128K, reserved 1048576K
}
Event: 17.501 GC heap after
{Heap after GC invocations=68 (full 0):
 garbage-first heap   total 464896K, used 164424K [0x0000000080000000, 0x0000000100000000)
  region size 1024K, 11 young (11264K), 11 survivors (11264K)
 Metaspace       used 113371K, committed 114112K, reserved 1179648K
  class space    used 15738K, committed 16128K, reserved 1048576K
}
Event: 17.882 GC heap before
{Heap before GC invocations=68 (full 0):
 garbage-first heap   total 464896K, used 405064K [0x0000000080000000, 0x0000000100000000)
  region size 1024K, 247 young (252928K), 11 survivors (11264K)
 Metaspace       used 113445K, committed 114176K, reserved 1179648K
  class space    used 15747K, committed 16128K, reserved 1048576K
}
Event: 17.904 GC heap after
{Heap after GC invocations=69 (full 0):
 garbage-first heap   total 464896K, used 184866K [0x0000000080000000, 0x0000000100000000)
  region size 1024K, 31 young (31744K), 31 survivors (31744K)
 Metaspace       used 113445K, committed 114176K, reserved 1179648K
  class space    used 15747K, committed 16128K, reserved 1048576K
}
Event: 18.119 GC heap before
{Heap before GC invocations=69 (full 0):
 garbage-first heap   total 464896K, used 385570K [0x0000000080000000, 0x0000000100000000)
  region size 1024K, 226 young (231424K), 31 survivors (31744K)
 Metaspace       used 113470K, committed 114240K, reserved 1179648K
  class space    used 15747K, committed 16128K, reserved 1048576K
}
Event: 18.147 GC heap after
{Heap after GC invocations=70 (full 0):
 garbage-first heap   total 464896K, used 204377K [0x0000000080000000, 0x0000000100000000)
  region size 1024K, 25 young (25600K), 25 survivors (25600K)
 Metaspace       used 113470K, committed 114240K, reserved 1179648K
  class space    used 15747K, committed 16128K, reserved 1048576K
}
Event: 18.308 GC heap before
{Heap before GC invocations=70 (full 0):
 garbage-first heap   total 464896K, used 378457K [0x0000000080000000, 0x0000000100000000)
  region size 1024K, 196 young (200704K), 25 survivors (25600K)
 Metaspace       used 113476K, committed 114240K, reserved 1179648K
  class space    used 15748K, committed 16128K, reserved 1048576K
}
Event: 18.327 GC heap after
{Heap after GC invocations=71 (full 0):
 garbage-first heap   total 464896K, used 216448K [0x0000000080000000, 0x0000000100000000)
  region size 1024K, 17 young (17408K), 17 survivors (17408K)
 Metaspace       used 113476K, committed 114240K, reserved 1179648K
  class space    used 15748K, committed 16128K, reserved 1048576K
}
Event: 18.478 GC heap before
{Heap before GC invocations=71 (full 0):
 garbage-first heap   total 464896K, used 380288K [0x0000000080000000, 0x0000000100000000)
  region size 1024K, 177 young (181248K), 17 survivors (17408K)
 Metaspace       used 113491K, committed 114240K, reserved 1179648K
  class space    used 15749K, committed 16128K, reserved 1048576K
}
Event: 18.495 GC heap after
{Heap after GC invocations=72 (full 0):
 garbage-first heap   total 464896K, used 227756K [0x0000000080000000, 0x0000000100000000)
  region size 1024K, 13 young (13312K), 13 survivors (13312K)
 Metaspace       used 113491K, committed 114240K, reserved 1179648K
  class space    used 15749K, committed 16128K, reserved 1048576K
}
Event: 18.659 GC heap before
{Heap before GC invocations=72 (full 0):
 garbage-first heap   total 464896K, used 382380K [0x0000000080000000, 0x0000000100000000)
  region size 1024K, 165 young (168960K), 13 survivors (13312K)
 Metaspace       used 113509K, committed 114240K, reserved 1179648K
  class space    used 15750K, committed 16128K, reserved 1048576K
}

